<?xml version="1.0" encoding="UTF-8"?>
<testng-results skipped="0" failed="0" ignored="0" total="1" passed="1">
  <reporter-output>
  </reporter-output>
  <suite name="Default suite" duration-ms="17062" started-at="2018-07-30T10:39:53Z" finished-at="2018-07-30T10:40:10Z">
    <groups>
    </groups>
    <test name="Default test" duration-ms="17062" started-at="2018-07-30T10:39:53Z" finished-at="2018-07-30T10:40:10Z">
      <class name="com.automation.selenium.windows.Example0">
        <test-method status="PASS" signature="test()[pri:0, instance:com.automation.selenium.windows.Example0@68be2bc2]" name="test" duration-ms="17020" started-at="2018-07-30T16:09:53Z" finished-at="2018-07-30T16:10:10Z">
          <reporter-output>
          </reporter-output>
        </test-method> <!-- test -->
      </class> <!-- com.automation.selenium.windows.Example0 -->
    </test> <!-- Default test -->
  </suite> <!-- Default suite -->
</testng-results>
